

Version:	3.50
CmdLine:	C:\Users\LENOVO\Downloads\test\Quan_Ly_Tap_Hoa\QuanLy.exe --l4j-debug
JNI:		No
WOW64:		Yes
Working dir:	C:\Users\LENOVO\Downloads\test\Quan_Ly_Tap_Hoa\.
Requires JDK:	No
Requires 64-Bit: Yes
Java min ver:	1.017.000
Java max ver:	
Substitute:	JAVA_HOME = 
Substitute:	PATH = C:\Program Files\Common Files\Oracle\Java\javapath;C:\Windows\system32;C:\Windows;C:\Windows\System32\Wbem;C:\Windows\System32\WindowsPowerShell\v1.0\;C:\Windows\System32\OpenSSH\;C:\Program Files (x86)\NVIDIA Corporation\PhysX\Common;C:\Program Files\NVIDIA Corporation\NVIDIA NvDLISR;C:\Program Files\Microsoft SQL Server\150\Tools\Binn\;C:\Program Files\dotnet\;C:\Program Files\Git\cmd;C:\MinGW\bin;C:\Program Files\VisualSVN Server\bin;C:\Program Files\TortoiseSVN\bin;C:\Users\LENOVO\Downloads\apache-ant-1.10.15-bin\apache-ant-1.10.15\bin;C:\Program Files\Docker\Docker\resources\bin;C:\Maven\apache-maven-3.9.9\bin;C:\Program Files\nodejs\;C:\Users\LENOVO\AppData\Local\Programs\Python\Python311\Scripts\;C:\Users\LENOVO\AppData\Local\Programs\Python\Python311\;C:\Users\LENOVO\AppData\Local\Microsoft\WindowsApps;C:\Users\LENOVO\.dotnet\tools;D:\Microsoft VS Code\bin;C:\Users\LENOVO\AppData\Local\GitHubDesktop\bin;C:\Users\LENOVO\AppData\Roaming\npm;D:\JAVA\bin
JRE paths:	;C:\Program Files\Common Files\Oracle\Java\javapath;C:\Windows\system32;C:\Windows;C:\Windows\System32\Wbem;C:\Windows\System32\WindowsPowerShell\v1.0\;C:\Windows\System32\OpenSSH\;C:\Program Files (x86)\NVIDIA Corporation\PhysX\Common;C:\Program Files\NVIDIA Corporation\NVIDIA NvDLISR;C:\Program Files\Microsoft SQL Server\150\Tools\Binn\;C:\Program Files\dotnet\;C:\Program Files\Git\cmd;C:\MinGW\bin;C:\Program Files\VisualSVN Server\bin;C:\Program Files\TortoiseSVN\bin;C:\Users\LENOVO\Downloads\apache-ant-1.10.15-bin\apache-ant-1.10.15\bin;C:\Program Files\Docker\Docker\resources\bin;C:\Maven\apache-maven-3.9.9\bin;C:\Program Files\nodejs\;C:\Users\LENOVO\AppData\Local\Programs\Python\Python311\Scripts\;C:\Users\LENOVO\AppData\Local\Programs\Python\Python311\;C:\Users\LENOVO\AppData\Local\Microsoft\WindowsApps;C:\Users\LENOVO\.dotnet\tools;D:\Microsoft VS Code\bin;C:\Users\LENOVO\AppData\Local\GitHubDesktop\bin;C:\Users\LENOVO\AppData\Roaming\npm;D:\JAVA\bin
Check launcher:	C:\Program Files\Common Files\Oracle\Java\javapath\bin\javaw.exe (not found)
Check launcher:	C:\Windows\system32\bin\javaw.exe (not found)
Check launcher:	C:\Windows\bin\javaw.exe (not found)
Check launcher:	C:\Windows\System32\Wbem\bin\javaw.exe (not found)
Check launcher:	C:\Windows\System32\WindowsPowerShell\v1.0\bin\javaw.exe (not found)
Check launcher:	C:\Windows\System32\OpenSSH\bin\javaw.exe (not found)
Check launcher:	C:\Program Files (x86)\NVIDIA Corporation\PhysX\Common\bin\javaw.exe (not found)
Check launcher:	C:\Program Files\NVIDIA Corporation\NVIDIA NvDLISR\bin\javaw.exe (not found)
Check launcher:	C:\Program Files\Microsoft SQL Server\150\Tools\Binn\bin\javaw.exe (not found)
Check launcher:	C:\Program Files\dotnet\bin\javaw.exe (not found)
Check launcher:	C:\Program Files\Git\cmd\bin\javaw.exe (not found)
Check launcher:	C:\MinGW\bin\javaw.exe (not found)
Check launcher:	C:\Program Files\VisualSVN Server\bin\javaw.exe (not found)
Check launcher:	C:\Program Files\TortoiseSVN\bin\javaw.exe (not found)
Check launcher:	C:\Users\LENOVO\Downloads\apache-ant-1.10.15-bin\apache-ant-1.10.15\bin\javaw.exe (not found)
Check launcher:	C:\Program Files\Docker\Docker\resources\bin\javaw.exe (not found)
Check launcher:	C:\Maven\apache-maven-3.9.9\bin\javaw.exe (not found)
Check launcher:	C:\Program Files\nodejs\bin\javaw.exe (not found)
Check launcher:	C:\Users\LENOVO\AppData\Local\Programs\Python\Python311\Scripts\bin\javaw.exe (not found)
Check launcher:	C:\Users\LENOVO\AppData\Local\Programs\Python\Python311\bin\javaw.exe (not found)
Check launcher:	C:\Users\LENOVO\AppData\Local\Microsoft\WindowsApps\bin\javaw.exe (not found)
Check launcher:	C:\Users\LENOVO\.dotnet\tools\bin\javaw.exe (not found)
Check launcher:	D:\Microsoft VS Code\bin\javaw.exe (not found)
Check launcher:	C:\Users\LENOVO\AppData\Local\GitHubDesktop\bin\javaw.exe (not found)
Check launcher:	C:\Users\LENOVO\AppData\Roaming\npm\bin\javaw.exe (not found)
Check launcher:	D:\JAVA\bin\javaw.exe (OK)
Version string: 1.017.000_011 / 64-Bit (OK)
Launcher:	D:\JAVA\bin\javaw.exe
Launcher args:	-jar "C:\Users\LENOVO\Downloads\test\Quan_Ly_Tap_Hoa\QuanLy.exe"
Args length:	64/32768 chars
Exit code:	0


Version:	3.50
CmdLine:	C:\Users\LENOVO\Downloads\test\Quan_Ly_Tap_Hoa\QuanLy.exe --l4j-debug
JNI:		No
WOW64:		Yes
Working dir:	C:\Users\LENOVO\Downloads\test\Quan_Ly_Tap_Hoa\.
Requires JDK:	No
Requires 64-Bit: Yes
Java min ver:	1.017.000
Java max ver:	
Substitute:	JAVA_HOME = 
Substitute:	PATH = C:\Program Files\Common Files\Oracle\Java\javapath;C:\Windows\system32;C:\Windows;C:\Windows\System32\Wbem;C:\Windows\System32\WindowsPowerShell\v1.0\;C:\Windows\System32\OpenSSH\;C:\Program Files (x86)\NVIDIA Corporation\PhysX\Common;C:\Program Files\NVIDIA Corporation\NVIDIA NvDLISR;C:\Program Files\Microsoft SQL Server\150\Tools\Binn\;C:\Program Files\dotnet\;C:\Program Files\Git\cmd;C:\MinGW\bin;C:\Program Files\VisualSVN Server\bin;C:\Program Files\TortoiseSVN\bin;C:\Users\LENOVO\Downloads\apache-ant-1.10.15-bin\apache-ant-1.10.15\bin;C:\Program Files\Docker\Docker\resources\bin;C:\Maven\apache-maven-3.9.9\bin;C:\Program Files\nodejs\;C:\Users\LENOVO\AppData\Local\Programs\Python\Python311\Scripts\;C:\Users\LENOVO\AppData\Local\Programs\Python\Python311\;C:\Users\LENOVO\AppData\Local\Microsoft\WindowsApps;C:\Users\LENOVO\.dotnet\tools;D:\Microsoft VS Code\bin;C:\Users\LENOVO\AppData\Local\GitHubDesktop\bin;C:\Users\LENOVO\AppData\Roaming\npm;D:\JAVA\bin
JRE paths:	;C:\Program Files\Common Files\Oracle\Java\javapath;C:\Windows\system32;C:\Windows;C:\Windows\System32\Wbem;C:\Windows\System32\WindowsPowerShell\v1.0\;C:\Windows\System32\OpenSSH\;C:\Program Files (x86)\NVIDIA Corporation\PhysX\Common;C:\Program Files\NVIDIA Corporation\NVIDIA NvDLISR;C:\Program Files\Microsoft SQL Server\150\Tools\Binn\;C:\Program Files\dotnet\;C:\Program Files\Git\cmd;C:\MinGW\bin;C:\Program Files\VisualSVN Server\bin;C:\Program Files\TortoiseSVN\bin;C:\Users\LENOVO\Downloads\apache-ant-1.10.15-bin\apache-ant-1.10.15\bin;C:\Program Files\Docker\Docker\resources\bin;C:\Maven\apache-maven-3.9.9\bin;C:\Program Files\nodejs\;C:\Users\LENOVO\AppData\Local\Programs\Python\Python311\Scripts\;C:\Users\LENOVO\AppData\Local\Programs\Python\Python311\;C:\Users\LENOVO\AppData\Local\Microsoft\WindowsApps;C:\Users\LENOVO\.dotnet\tools;D:\Microsoft VS Code\bin;C:\Users\LENOVO\AppData\Local\GitHubDesktop\bin;C:\Users\LENOVO\AppData\Roaming\npm;D:\JAVA\bin
Check launcher:	C:\Program Files\Common Files\Oracle\Java\javapath\bin\javaw.exe (not found)
Check launcher:	C:\Windows\system32\bin\javaw.exe (not found)
Check launcher:	C:\Windows\bin\javaw.exe (not found)
Check launcher:	C:\Windows\System32\Wbem\bin\javaw.exe (not found)
Check launcher:	C:\Windows\System32\WindowsPowerShell\v1.0\bin\javaw.exe (not found)
Check launcher:	C:\Windows\System32\OpenSSH\bin\javaw.exe (not found)
Check launcher:	C:\Program Files (x86)\NVIDIA Corporation\PhysX\Common\bin\javaw.exe (not found)
Check launcher:	C:\Program Files\NVIDIA Corporation\NVIDIA NvDLISR\bin\javaw.exe (not found)
Check launcher:	C:\Program Files\Microsoft SQL Server\150\Tools\Binn\bin\javaw.exe (not found)
Check launcher:	C:\Program Files\dotnet\bin\javaw.exe (not found)
Check launcher:	C:\Program Files\Git\cmd\bin\javaw.exe (not found)
Check launcher:	C:\MinGW\bin\javaw.exe (not found)
Check launcher:	C:\Program Files\VisualSVN Server\bin\javaw.exe (not found)
Check launcher:	C:\Program Files\TortoiseSVN\bin\javaw.exe (not found)
Check launcher:	C:\Users\LENOVO\Downloads\apache-ant-1.10.15-bin\apache-ant-1.10.15\bin\javaw.exe (not found)
Check launcher:	C:\Program Files\Docker\Docker\resources\bin\javaw.exe (not found)
Check launcher:	C:\Maven\apache-maven-3.9.9\bin\javaw.exe (not found)
Check launcher:	C:\Program Files\nodejs\bin\javaw.exe (not found)
Check launcher:	C:\Users\LENOVO\AppData\Local\Programs\Python\Python311\Scripts\bin\javaw.exe (not found)
Check launcher:	C:\Users\LENOVO\AppData\Local\Programs\Python\Python311\bin\javaw.exe (not found)
Check launcher:	C:\Users\LENOVO\AppData\Local\Microsoft\WindowsApps\bin\javaw.exe (not found)
Check launcher:	C:\Users\LENOVO\.dotnet\tools\bin\javaw.exe (not found)
Check launcher:	D:\Microsoft VS Code\bin\javaw.exe (not found)
Check launcher:	C:\Users\LENOVO\AppData\Local\GitHubDesktop\bin\javaw.exe (not found)
Check launcher:	C:\Users\LENOVO\AppData\Roaming\npm\bin\javaw.exe (not found)
Check launcher:	D:\JAVA\bin\javaw.exe (OK)
Version string: 1.017.000_011 / 64-Bit (OK)
Launcher:	D:\JAVA\bin\javaw.exe
Launcher args:	-jar "C:\Users\LENOVO\Downloads\test\Quan_Ly_Tap_Hoa\QuanLy.exe"
Args length:	64/32768 chars
Exit code:	0


Version:	3.50
CmdLine:	C:\Users\LENOVO\Downloads\test\Quan_Ly_Tap_Hoa\QuanLy.exe --l4j-debug
JNI:		No
WOW64:		Yes
Working dir:	C:\Users\LENOVO\Downloads\test\Quan_Ly_Tap_Hoa\.
Requires JDK:	No
Requires 64-Bit: Yes
Java min ver:	1.017.000
Java max ver:	
JRE paths:	d:\JAVA
Check launcher:	d:\JAVA\bin\javaw.exe (OK)
Version string: 1.017.000_011 / 64-Bit (OK)
Launcher:	d:\JAVA\bin\javaw.exe
Launcher args:	-jar "C:\Users\LENOVO\Downloads\test\Quan_Ly_Tap_Hoa\QuanLy.exe"
Args length:	64/32768 chars
Exit code:	0


Version:	3.50
CmdLine:	C:\Users\LENOVO\Downloads\test\Quan_Ly_Tap_Hoa\QuanLy.exe --l4j-debug
JNI:		No
WOW64:		Yes
Working dir:	C:\Users\LENOVO\Downloads\test\Quan_Ly_Tap_Hoa\.
Requires JDK:	No
Requires 64-Bit: Yes
Java min ver:	1.017.000
Java max ver:	
JRE paths:	d:\JAVA
Check launcher:	d:\JAVA\bin\javaw.exe (OK)
Version string: 1.017.000_011 / 64-Bit (OK)
Launcher:	d:\JAVA\bin\javaw.exe
Launcher args:	-jar "C:\Users\LENOVO\Downloads\test\Quan_Ly_Tap_Hoa\QuanLy.exe"
Args length:	64/32768 chars
Exit code:	0


Version:	3.50
CmdLine:	C:\Users\LENOVO\Downloads\test\Quan_Ly_Tap_Hoa\QuanLy.exe --l4j-debug
JNI:		No
WOW64:		Yes
Working dir:	C:\Users\LENOVO\Downloads\test\Quan_Ly_Tap_Hoa\.
Requires JDK:	No
Requires 64-Bit: Yes
Java min ver:	1.017.000
Java max ver:	
JRE paths:	d:\JAVA
Check launcher:	d:\JAVA\bin\javaw.exe (OK)
Version string: 1.017.000_011 / 64-Bit (OK)
Launcher:	d:\JAVA\bin\javaw.exe
Launcher args:	-jar "C:\Users\LENOVO\Downloads\test\Quan_Ly_Tap_Hoa\QuanLy.exe"
Args length:	64/32768 chars
Exit code:	0


Version:	3.50
CmdLine:	C:\Users\LENOVO\Downloads\test\Quan_Ly_Tap_Hoa\QuanLy.exe --l4j-debug
JNI:		No
WOW64:		Yes
Working dir:	C:\Users\LENOVO\Downloads\test\Quan_Ly_Tap_Hoa\.
Requires JDK:	No
Requires 64-Bit: Yes
Java min ver:	1.017.000
Java max ver:	
JRE paths:	jre
Check launcher:	C:\Users\LENOVO\Downloads\test\Quan_Ly_Tap_Hoa\jre\bin\javaw.exe (not found)
64-bit search:	SOFTWARE\JavaSoft\Java Runtime Environment...
64-bit search:	SOFTWARE\JavaSoft\Java Development Kit...
64-bit search:	SOFTWARE\JavaSoft\JRE...
64-bit search:	SOFTWARE\JavaSoft\JDK...
Check:		SOFTWARE\JavaSoft\JDK\17.0.11
Version string: 1.017.000_011 / 64-Bit (OK)
Check launcher:	D:\JAVA\bin\javaw.exe (OK)
Match:		1.017.000_011
Runtime used:	1.017.000_011 (64-bit)
Launcher:	D:\JAVA\bin\javaw.exe
Launcher args:	-jar "C:\Users\LENOVO\Downloads\test\Quan_Ly_Tap_Hoa\QuanLy.exe"
Args length:	64/32768 chars
Exit code:	0


Version:	3.50
CmdLine:	C:\Users\LENOVO\Downloads\test\Quan_Ly_Tap_Hoa\QuanLy.exe --l4j-debug
JNI:		No
WOW64:		Yes
Working dir:	C:\Users\LENOVO\Downloads\test\Quan_Ly_Tap_Hoa\.
Requires JDK:	No
Requires 64-Bit: Yes
Java min ver:	1.017.000
Java max ver:	
JRE paths:	jre
Check launcher:	C:\Users\LENOVO\Downloads\test\Quan_Ly_Tap_Hoa\jre\bin\javaw.exe (OK)
Version string: 1.017.000_015 / 64-Bit (OK)
Launcher:	C:\Users\LENOVO\Downloads\test\Quan_Ly_Tap_Hoa\jre\bin\javaw.exe
Launcher args:	-jar "C:\Users\LENOVO\Downloads\test\Quan_Ly_Tap_Hoa\QuanLy.exe"
Args length:	64/32768 chars
Exit code:	0


Version:	3.50
CmdLine:	C:\Users\LENOVO\Downloads\test\Quan_Ly_Tap_Hoa\QuanLy.exe --l4j-debug
JNI:		No
WOW64:		Yes
Working dir:	C:\Users\LENOVO\Downloads\test\Quan_Ly_Tap_Hoa\.
Requires JDK:	No
Requires 64-Bit: Yes
Java min ver:	1.017.000
Java max ver:	
JRE paths:	jre
Check launcher:	C:\Users\LENOVO\Downloads\test\Quan_Ly_Tap_Hoa\jre\bin\javaw.exe (OK)
Version string: 1.017.000_015 / 64-Bit (OK)
Launcher:	C:\Users\LENOVO\Downloads\test\Quan_Ly_Tap_Hoa\jre\bin\javaw.exe
Launcher args:	-jar "C:\Users\LENOVO\Downloads\test\Quan_Ly_Tap_Hoa\QuanLy.exe"
Args length:	64/32768 chars
Exit code:	0


Version:	3.50
CmdLine:	C:\Users\LENOVO\Downloads\test\Quan_Ly_Tap_Hoa\QuanLy.exe --l4j-debug
JNI:		No
WOW64:		Yes
Working dir:	C:\Users\LENOVO\Downloads\test\Quan_Ly_Tap_Hoa\.
Requires JDK:	No
Requires 64-Bit: Yes
Java min ver:	1.017.000
Java max ver:	
JRE paths:	jre
Check launcher:	C:\Users\LENOVO\Downloads\test\Quan_Ly_Tap_Hoa\jre\bin\javaw.exe (OK)
Version string: 1.017.000_015 / 64-Bit (OK)
Launcher:	C:\Users\LENOVO\Downloads\test\Quan_Ly_Tap_Hoa\jre\bin\javaw.exe
Launcher args:	-jar "C:\Users\LENOVO\Downloads\test\Quan_Ly_Tap_Hoa\QuanLy.exe"
Args length:	64/32768 chars
Exit code:	0


Version:	3.50
CmdLine:	C:\Users\LENOVO\Downloads\test\Quan_Ly_Tap_Hoa\QuanLy.exe --l4j-debug
JNI:		No
WOW64:		Yes
Working dir:	C:\Users\LENOVO\Downloads\test\Quan_Ly_Tap_Hoa\.
Requires JDK:	No
Requires 64-Bit: Yes
Java min ver:	1.017.000
Java max ver:	
JRE paths:	jre
Check launcher:	C:\Users\LENOVO\Downloads\test\Quan_Ly_Tap_Hoa\jre\bin\javaw.exe (OK)
Version string: 1.017.000_015 / 64-Bit (OK)
Launcher:	C:\Users\LENOVO\Downloads\test\Quan_Ly_Tap_Hoa\jre\bin\javaw.exe
Launcher args:	-jar "C:\Users\LENOVO\Downloads\test\Quan_Ly_Tap_Hoa\QuanLy.exe"
Args length:	64/32768 chars
Exit code:	0


Version:	3.50
CmdLine:	C:\Users\LENOVO\Downloads\test\Quan_Ly_Tap_Hoa\QuanLy.exe --l4j-debug
JNI:		No
WOW64:		Yes
Working dir:	C:\Users\LENOVO\Downloads\test\Quan_Ly_Tap_Hoa\.
Requires JDK:	No
Requires 64-Bit: Yes
Java min ver:	1.017.000
Java max ver:	
JRE paths:	C:\Users\LENOVO\Downloads\test\Quan_Ly_Tap_Hoa\jre
Check launcher:	C:\Users\LENOVO\Downloads\test\Quan_Ly_Tap_Hoa\jre\bin\javaw.exe (OK)
Version string: 1.017.000_015 / 64-Bit (OK)
Launcher:	C:\Users\LENOVO\Downloads\test\Quan_Ly_Tap_Hoa\jre\bin\javaw.exe
Launcher args:	-jar "C:\Users\LENOVO\Downloads\test\Quan_Ly_Tap_Hoa\QuanLy.exe"
Args length:	64/32768 chars
Exit code:	0


Version:	3.50
CmdLine:	C:\Users\LENOVO\Downloads\test\Quan_Ly_Tap_Hoa\QuanLy.exe --l4j-debug
JNI:		No
WOW64:		Yes
Working dir:	C:\Users\LENOVO\Downloads\test\Quan_Ly_Tap_Hoa\.
Requires JDK:	No
Requires 64-Bit: Yes
Java min ver:	1.017.000
Java max ver:	
JRE paths:	C:\Users\LENOVO\Downloads\test\Quan_Ly_Tap_Hoa\jre
Check launcher:	C:\Users\LENOVO\Downloads\test\Quan_Ly_Tap_Hoa\jre\bin\javaw.exe (OK)
Version string: 1.017.000_015 / 64-Bit (OK)
Launcher:	C:\Users\LENOVO\Downloads\test\Quan_Ly_Tap_Hoa\jre\bin\javaw.exe
Launcher args:	-jar "C:\Users\LENOVO\Downloads\test\Quan_Ly_Tap_Hoa\QuanLy.exe"
Args length:	64/32768 chars
Exit code:	0


Version:	3.50
CmdLine:	C:\Users\LENOVO\Downloads\test\Quan_Ly_Tap_Hoa\QuanLy.exe --l4j-debug
JNI:		No
WOW64:		Yes
Working dir:	C:\Users\LENOVO\Downloads\test\Quan_Ly_Tap_Hoa\.
Requires JDK:	No
Requires 64-Bit: Yes
Java min ver:	1.017.000
Java max ver:	
JRE paths:	C:\Users\LENOVO\Downloads\test\Quan_Ly_Tap_Hoa\jre
Check launcher:	C:\Users\LENOVO\Downloads\test\Quan_Ly_Tap_Hoa\jre\bin\javaw.exe (OK)
Version string: 1.017.000_015 / 64-Bit (OK)
Launcher:	C:\Users\LENOVO\Downloads\test\Quan_Ly_Tap_Hoa\jre\bin\javaw.exe
Launcher args:	-jar "C:\Users\LENOVO\Downloads\test\Quan_Ly_Tap_Hoa\QuanLy.exe"
Args length:	64/32768 chars
Exit code:	0
